logs/log1.log:2025-06-17 13:39:08 [ERROR] Unknown error occurred.
logs/log1.log:2025-06-17 13:39:08 [ERROR] Initialization complete.
logs/log1.log:2025-06-17 13:39:08 [ERROR] Disk write failed.
logs/log1.log:2025-06-17 13:39:08 [ERROR] Initialization complete.
logs/log1.log:2025-06-17 13:39:08 [WARNING] Unknown error occurred.
logs/log1.log:2025-06-17 13:39:08 [ERROR] Reconnected to server.
logs/log1.log:2025-06-17 13:39:08 [ERROR] Reconnected to server.
logs/log1.log:2025-06-17 13:39:08 [ERROR] Connection lost.
logs/log1.log:2025-06-17 13:39:08 [ERROR] User login successful.
logs/log1.log:2025-06-17 13:39:08 [ERROR] Connection lost.
logs/log1.log:2025-06-17 13:39:08 [INFO] Unknown error occurred.
logs/log1.log:2025-06-17 13:39:08 [WARNING] Unknown error occurred.
logs/log1.log:2025-06-17 13:39:08 [ERROR] User login successful.
logs/log1.log:2025-06-17 13:39:08 [ERROR] Update completed.
logs/log1.log:2025-06-17 13:39:08 [ERROR] Unknown error occurred.
logs/log1.log:2025-06-17 13:39:08 [ERROR] Update completed.
logs/log1.log:2025-06-17 13:39:08 [ERROR] Disk write failed.
logs/log1.log:2025-06-17 13:39:08 [ERROR] File not found.
logs/log1.log:2025-06-17 13:39:08 [ERROR] User login successful.
logs/log1.log:2025-06-17 13:39:08 [ERROR] Reconnected to server.
logs/log1.log:2025-06-17 13:39:08 [ERROR] Disk write failed.
logs/log1.log:2025-06-17 13:39:08 [ERROR] Disk write failed.
logs/log1.log:2025-06-17 13:39:08 [ERROR] Connection lost.
logs/log1.log:2025-06-17 13:39:08 [ERROR] Connection lost.
logs/log1.log:2025-06-17 13:39:08 [ERROR] Permission denied.
logs/log1.log:2025-06-17 13:39:08 [INFO] Unknown error occurred.
logs/log1.log:2025-06-17 13:39:08 [INFO] Unknown error occurred.
logs/log1.log:2025-06-17 13:39:08 [ERROR] Disk write failed.
logs/log1.log:2025-06-17 13:39:08 [ERROR] Memory usage high.
logs/log1.log:2025-06-17 13:39:08 [ERROR] User login successful.
logs/log1.log:2025-06-17 13:39:08 [ERROR] User login successful.
logs/log1.log:2025-06-17 13:39:08 [ERROR] File not found.
logs/log1.log:2025-06-17 13:39:08 [ERROR] Disk write failed.
logs/log1.log:2025-06-17 13:39:08 [ERROR] User login successful.
logs/log1.log:2025-06-17 13:39:08 [ERROR] Reconnected to server.
logs/log1.log:2025-06-17 13:39:08 [ERROR] Disk write failed.
logs/log1.log:2025-06-17 13:39:08 [ERROR] Unknown error occurred.
logs/log1.log:2025-06-17 13:39:08 [INFO] Unknown error occurred.
logs/log1.log:2025-06-17 13:39:08 [ERROR] Reconnected to server.
logs/log1.log:2025-06-17 13:39:08 [ERROR] Update completed.
logs/log1.log:2025-06-17 13:39:08 [ERROR] Update completed.
logs/log1.log:2025-06-17 13:39:08 [ERROR] Reconnected to server.
logs/log2.log:2025-06-17 13:39:08 [ERROR] Reconnected to server.
logs/log2.log:2025-06-17 13:39:08 [ERROR] Connection lost.
logs/log2.log:2025-06-17 13:39:08 [ERROR] File not found.
logs/log2.log:2025-06-17 13:39:08 [ERROR] Unknown error occurred.
logs/log2.log:2025-06-17 13:39:08 [ERROR] Permission denied.
logs/log2.log:2025-06-17 13:39:08 [ERROR] Permission denied.
logs/log2.log:2025-06-17 13:39:08 [ERROR] User login successful.
logs/log2.log:2025-06-17 13:39:08 [ERROR] File not found.
logs/log2.log:2025-06-17 13:39:08 [WARNING] Unknown error occurred.
logs/log2.log:2025-06-17 13:39:08 [ERROR] Unknown error occurred.
logs/log2.log:2025-06-17 13:39:08 [ERROR] Reconnected to server.
logs/log2.log:2025-06-17 13:39:08 [ERROR] Initialization complete.
logs/log2.log:2025-06-17 13:39:08 [ERROR] Reconnected to server.
logs/log2.log:2025-06-17 13:39:08 [ERROR] User login successful.
logs/log2.log:2025-06-17 13:39:08 [INFO] Unknown error occurred.
logs/log2.log:2025-06-17 13:39:08 [ERROR] Unknown error occurred.
logs/log2.log:2025-06-17 13:39:08 [ERROR] Unknown error occurred.
logs/log2.log:2025-06-17 13:39:08 [INFO] Unknown error occurred.
logs/log2.log:2025-06-17 13:39:08 [ERROR] Initialization complete.
logs/log2.log:2025-06-17 13:39:08 [ERROR] Initialization complete.
logs/log2.log:2025-06-17 13:39:08 [ERROR] Disk write failed.
logs/log2.log:2025-06-17 13:39:08 [ERROR] Connection lost.
logs/log2.log:2025-06-17 13:39:08 [ERROR] Disk write failed.
logs/log2.log:2025-06-17 13:39:08 [WARNING] Unknown error occurred.
logs/log2.log:2025-06-17 13:39:08 [ERROR] Reconnected to server.
logs/log2.log:2025-06-17 13:39:08 [ERROR] Disk write failed.
logs/log2.log:2025-06-17 13:39:08 [ERROR] Connection lost.
logs/log2.log:2025-06-17 13:39:08 [ERROR] Connection lost.
logs/log2.log:2025-06-17 13:39:08 [ERROR] User login successful.
logs/log2.log:2025-06-17 13:39:08 [ERROR] Update completed.
logs/log2.log:2025-06-17 13:39:08 [ERROR] Disk write failed.
logs/log2.log:2025-06-17 13:39:08 [ERROR] Permission denied.
logs/log2.log:2025-06-17 13:39:08 [ERROR] Update completed.
logs/log2.log:2025-06-17 13:39:08 [ERROR] Connection lost.
logs/log2.log:2025-06-17 13:39:08 [ERROR] Initialization complete.
logs/log2.log:2025-06-17 13:39:08 [ERROR] Disk write failed.
logs/log2.log:2025-06-17 13:39:08 [ERROR] Disk write failed.
logs/log3.log:2025-06-17 13:39:08 [ERROR] Update completed.
logs/log3.log:2025-06-17 13:39:08 [ERROR] Reconnected to server.
logs/log3.log:2025-06-17 13:39:08 [ERROR] File not found.
logs/log3.log:2025-06-17 13:39:08 [ERROR] Disk write failed.
logs/log3.log:2025-06-17 13:39:08 [ERROR] Permission denied.
logs/log3.log:2025-06-17 13:39:08 [ERROR] User login successful.
logs/log3.log:2025-06-17 13:39:08 [ERROR] Reconnected to server.
logs/log3.log:2025-06-17 13:39:08 [ERROR] User login successful.
logs/log3.log:2025-06-17 13:39:08 [ERROR] Reconnected to server.
logs/log3.log:2025-06-17 13:39:08 [ERROR] Reconnected to server.
logs/log3.log:2025-06-17 13:39:08 [ERROR] File not found.
logs/log3.log:2025-06-17 13:39:08 [ERROR] User login successful.
logs/log3.log:2025-06-17 13:39:08 [ERROR] Connection lost.
logs/log3.log:2025-06-17 13:39:08 [ERROR] Memory usage high.
logs/log3.log:2025-06-17 13:39:08 [ERROR] Unknown error occurred.
logs/log3.log:2025-06-17 13:39:08 [ERROR] User login successful.
logs/log3.log:2025-06-17 13:39:08 [WARNING] Unknown error occurred.
logs/log3.log:2025-06-17 13:39:08 [INFO] Unknown error occurred.
logs/log3.log:2025-06-17 13:39:08 [ERROR] Connection lost.
logs/log3.log:2025-06-17 13:39:08 [ERROR] File not found.
logs/log3.log:2025-06-17 13:39:08 [WARNING] Unknown error occurred.
logs/log3.log:2025-06-17 13:39:08 [ERROR] Reconnected to server.
logs/log3.log:2025-06-17 13:39:08 [ERROR] Permission denied.
logs/log3.log:2025-06-17 13:39:08 [ERROR] Permission denied.
logs/log3.log:2025-06-17 13:39:08 [ERROR] Permission denied.
logs/log3.log:2025-06-17 13:39:08 [WARNING] Unknown error occurred.
logs/log3.log:2025-06-17 13:39:08 [ERROR] Memory usage high.
logs/log3.log:2025-06-17 13:39:08 [ERROR] Initialization complete.
logs/log3.log:2025-06-17 13:39:08 [ERROR] User login successful.
logs/log3.log:2025-06-17 13:39:08 [ERROR] Reconnected to server.
logs/log3.log:2025-06-17 13:39:08 [ERROR] Unknown error occurred.
logs/log3.log:2025-06-17 13:39:08 [ERROR] File not found.
logs/log3.log:2025-06-17 13:39:08 [INFO] Unknown error occurred.
logs/log3.log:2025-06-17 13:39:08 [ERROR] Initialization complete.
logs/log3.log:2025-06-17 13:39:08 [INFO] Unknown error occurred.
logs/log3.log:2025-06-17 13:39:08 [ERROR] Initialization complete.
logs/log3.log:2025-06-17 13:39:08 [ERROR] File not found.
logs/log3.log:2025-06-17 13:39:08 [ERROR] Disk write failed.
logs/log3.log:2025-06-17 13:39:08 [ERROR] Initialization complete.
logs/log3.log:2025-06-17 13:39:08 [ERROR] Connection lost.
logs/log3.log:2025-06-17 13:39:08 [ERROR] User login successful.
logs/log3.log:2025-06-17 13:39:08 [ERROR] Reconnected to server.
logs/log4.log:2025-06-17 13:39:08 [ERROR] Reconnected to server.
logs/log4.log:2025-06-17 13:39:08 [ERROR] Memory usage high.
logs/log4.log:2025-06-17 13:39:08 [ERROR] Connection lost.
logs/log4.log:2025-06-17 13:39:08 [INFO] Unknown error occurred.
logs/log4.log:2025-06-17 13:39:08 [INFO] Unknown error occurred.
logs/log4.log:2025-06-17 13:39:08 [ERROR] Unknown error occurred.
logs/log4.log:2025-06-17 13:39:08 [ERROR] Initialization complete.
logs/log4.log:2025-06-17 13:39:08 [INFO] Unknown error occurred.
logs/log4.log:2025-06-17 13:39:08 [ERROR] Connection lost.
logs/log4.log:2025-06-17 13:39:08 [ERROR] User login successful.
logs/log4.log:2025-06-17 13:39:08 [WARNING] Unknown error occurred.
logs/log4.log:2025-06-17 13:39:08 [ERROR] Update completed.
logs/log4.log:2025-06-17 13:39:08 [WARNING] Unknown error occurred.
logs/log4.log:2025-06-17 13:39:08 [ERROR] Memory usage high.
logs/log4.log:2025-06-17 13:39:08 [ERROR] Update completed.
logs/log4.log:2025-06-17 13:39:08 [ERROR] Disk write failed.
logs/log4.log:2025-06-17 13:39:08 [ERROR] Initialization complete.
logs/log4.log:2025-06-17 13:39:08 [ERROR] Disk write failed.
logs/log4.log:2025-06-17 13:39:08 [ERROR] Disk write failed.
logs/log4.log:2025-06-17 13:39:08 [ERROR] Disk write failed.
logs/log4.log:2025-06-17 13:39:08 [INFO] Unknown error occurred.
logs/log4.log:2025-06-17 13:39:08 [ERROR] Unknown error occurred.
logs/log4.log:2025-06-17 13:39:08 [ERROR] File not found.
logs/log4.log:2025-06-17 13:39:08 [ERROR] User login successful.
logs/log4.log:2025-06-17 13:39:08 [ERROR] Permission denied.
logs/log4.log:2025-06-17 13:39:08 [ERROR] Initialization complete.
logs/log4.log:2025-06-17 13:39:08 [ERROR] Memory usage high.
logs/log4.log:2025-06-17 13:39:08 [WARNING] Unknown error occurred.
logs/log4.log:2025-06-17 13:39:08 [ERROR] Update completed.
logs/log4.log:2025-06-17 13:39:08 [ERROR] Disk write failed.
logs/log4.log:2025-06-17 13:39:08 [INFO] Unknown error occurred.
logs/log4.log:2025-06-17 13:39:08 [ERROR] Update completed.
logs/log4.log:2025-06-17 13:39:08 [ERROR] Update completed.
logs/log4.log:2025-06-17 13:39:08 [ERROR] Permission denied.
logs/log4.log:2025-06-17 13:39:08 [ERROR] User login successful.
logs/log4.log:2025-06-17 13:39:08 [INFO] Unknown error occurred.
logs/log4.log:2025-06-17 13:39:08 [INFO] Unknown error occurred.
logs/log4.log:2025-06-17 13:39:08 [INFO] Unknown error occurred.
logs/log4.log:2025-06-17 13:39:08 [INFO] Unknown error occurred.
logs/log4.log:2025-06-17 13:39:08 [ERROR] Memory usage high.
logs/log4.log:2025-06-17 13:39:08 [ERROR] Initialization complete.
logs/log4.log:2025-06-17 13:39:08 [ERROR] Disk write failed.
logs/log4.log:2025-06-17 13:39:08 [WARNING] Unknown error occurred.
logs/log4.log:2025-06-17 13:39:08 [ERROR] File not found.
logs/log4.log:2025-06-17 13:39:08 [ERROR] Memory usage high.
logs/log5.log:2025-06-17 13:39:08 [ERROR] Unknown error occurred.
logs/log5.log:2025-06-17 13:39:08 [ERROR] Update completed.
logs/log5.log:2025-06-17 13:39:08 [ERROR] User login successful.
logs/log5.log:2025-06-17 13:39:08 [ERROR] Permission denied.
logs/log5.log:2025-06-17 13:39:08 [ERROR] Reconnected to server.
logs/log5.log:2025-06-17 13:39:08 [WARNING] Unknown error occurred.
logs/log5.log:2025-06-17 13:39:08 [ERROR] Reconnected to server.
logs/log5.log:2025-06-17 13:39:08 [WARNING] Unknown error occurred.
logs/log5.log:2025-06-17 13:39:08 [ERROR] File not found.
logs/log5.log:2025-06-17 13:39:08 [ERROR] Connection lost.
logs/log5.log:2025-06-17 13:39:08 [WARNING] Unknown error occurred.
logs/log5.log:2025-06-17 13:39:08 [ERROR] Initialization complete.
logs/log5.log:2025-06-17 13:39:08 [ERROR] Initialization complete.
logs/log5.log:2025-06-17 13:39:08 [ERROR] Update completed.
logs/log5.log:2025-06-17 13:39:08 [INFO] Unknown error occurred.
logs/log5.log:2025-06-17 13:39:08 [ERROR] Disk write failed.
logs/log5.log:2025-06-17 13:39:08 [ERROR] Unknown error occurred.
logs/log5.log:2025-06-17 13:39:08 [ERROR] Disk write failed.
logs/log5.log:2025-06-17 13:39:08 [ERROR] Memory usage high.
logs/log5.log:2025-06-17 13:39:08 [INFO] Unknown error occurred.
logs/log5.log:2025-06-17 13:39:08 [ERROR] Update completed.
logs/log5.log:2025-06-17 13:39:08 [ERROR] Disk write failed.
logs/log5.log:2025-06-17 13:39:08 [INFO] Unknown error occurred.
logs/log5.log:2025-06-17 13:39:08 [ERROR] Memory usage high.
logs/log5.log:2025-06-17 13:39:08 [ERROR] File not found.
logs/log5.log:2025-06-17 13:39:08 [ERROR] Disk write failed.
logs/log5.log:2025-06-17 13:39:08 [ERROR] Update completed.
logs/log5.log:2025-06-17 13:39:08 [ERROR] File not found.
logs/log5.log:2025-06-17 13:39:08 [ERROR] Connection lost.
logs/log5.log:2025-06-17 13:39:08 [ERROR] Update completed.
logs/log5.log:2025-06-17 13:39:08 [WARNING] Unknown error occurred.
logs/log5.log:2025-06-17 13:39:08 [ERROR] Disk write failed.
logs/log5.log:2025-06-17 13:39:08 [ERROR] File not found.
logs/log5.log:2025-06-17 13:39:08 [ERROR] Update completed.
logs/log5.log:2025-06-17 13:39:08 [ERROR] Disk write failed.
logs/log5.log:2025-06-17 13:39:08 [ERROR] File not found.
logs/log5.log:2025-06-17 13:39:08 [ERROR] File not found.
logs/log5.log:2025-06-17 13:39:08 [ERROR] Reconnected to server.
logs/log5.log:2025-06-17 13:39:08 [ERROR] File not found.
logs/log5.log:2025-06-17 13:39:08 [ERROR] Connection lost.
logs/log5.log:2025-06-17 13:39:08 [WARNING] Unknown error occurred.
logs/log5.log:2025-06-17 13:39:08 [ERROR] Initialization complete.
logs/log5.log:2025-06-17 13:39:08 [ERROR] Reconnected to server.
logs/log5.log:2025-06-17 13:39:08 [INFO] Unknown error occurred.
logs/log5.log:2025-06-17 13:39:08 [WARNING] Unknown error occurred.
logs/log5.log:2025-06-17 13:39:08 [ERROR] Memory usage high.
logs/log5.log:2025-06-17 13:39:08 [ERROR] Permission denied.
logs/log5.log:2025-06-17 13:39:08 [ERROR] Permission denied.
logs/log5.log:2025-06-17 13:39:08 [INFO] Unknown error occurred.
