2025-06-17 13:39:08 [ERROR] Unknown error occurred.
2025-06-17 13:39:08 [WARNING] Reconnected to server.
2025-06-17 13:39:08 [ERROR] Update completed.
2025-06-17 13:39:08 [ERROR] User login successful.
2025-06-17 13:39:08 [WARNING] Reconnected to server.
2025-06-17 13:39:08 [WARNING] Memory usage high.
2025-06-17 13:39:08 [INFO] Permission denied.
2025-06-17 13:39:08 [WARNING] Memory usage high.
2025-06-17 13:39:08 [ERROR] Permission denied.
2025-06-17 13:39:08 [INFO] Initialization complete.
2025-06-17 13:39:08 [WARNING] Connection lost.
2025-06-17 13:39:08 [INFO] Disk write failed.
2025-06-17 13:39:08 [ERROR] Reconnected to server.
2025-06-17 13:39:08 [WARNING] Reconnected to server.
2025-06-17 13:39:08 [WARNING] Unknown error occurred.
2025-06-17 13:39:08 [WARNING] Permission denied.
2025-06-17 13:39:08 [WARNING] Disk write failed.
2025-06-17 13:39:08 [WARNING] Memory usage high.
2025-06-17 13:39:08 [INFO] Permission denied.
2025-06-17 13:39:08 [ERROR] Reconnected to server.
2025-06-17 13:39:08 [WARNING] Unknown error occurred.
2025-06-17 13:39:08 [INFO] Reconnected to server.
2025-06-17 13:39:08 [WARNING] Memory usage high.
2025-06-17 13:39:08 [INFO] Connection lost.
2025-06-17 13:39:08 [ERROR] File not found.
2025-06-17 13:39:08 [INFO] Disk write failed.
2025-06-17 13:39:08 [INFO] Reconnected to server.
2025-06-17 13:39:08 [WARNING] User login successful.
2025-06-17 13:39:08 [ERROR] Connection lost.
2025-06-17 13:39:08 [WARNING] Unknown error occurred.
2025-06-17 13:39:08 [INFO] Disk write failed.
2025-06-17 13:39:08 [ERROR] Initialization complete.
2025-06-17 13:39:08 [ERROR] Initialization complete.
2025-06-17 13:39:08 [ERROR] Update completed.
2025-06-17 13:39:08 [INFO] Unknown error occurred.
2025-06-17 13:39:08 [ERROR] Disk write failed.
2025-06-17 13:39:08 [WARNING] Update completed.
2025-06-17 13:39:08 [ERROR] Unknown error occurred.
2025-06-17 13:39:08 [INFO] Reconnected to server.
2025-06-17 13:39:08 [ERROR] Disk write failed.
2025-06-17 13:39:08 [INFO] Connection lost.
2025-06-17 13:39:08 [ERROR] Memory usage high.
2025-06-17 13:39:08 [WARNING] Reconnected to server.
2025-06-17 13:39:08 [WARNING] User login successful.
2025-06-17 13:39:08 [INFO] Connection lost.
2025-06-17 13:39:08 [INFO] Unknown error occurred.
2025-06-17 13:39:08 [INFO] File not found.
2025-06-17 13:39:08 [ERROR] Update completed.
2025-06-17 13:39:08 [ERROR] Disk write failed.
2025-06-17 13:39:08 [INFO] Unknown error occurred.
2025-06-17 13:39:08 [WARNING] Permission denied.
2025-06-17 13:39:08 [ERROR] Memory usage high.
2025-06-17 13:39:08 [INFO] Update completed.
2025-06-17 13:39:08 [ERROR] File not found.
2025-06-17 13:39:08 [WARNING] Permission denied.
2025-06-17 13:39:08 [ERROR] Disk write failed.
2025-06-17 13:39:08 [WARNING] Disk write failed.
2025-06-17 13:39:08 [ERROR] Update completed.
2025-06-17 13:39:08 [ERROR] File not found.
2025-06-17 13:39:08 [WARNING] Memory usage high.
2025-06-17 13:39:08 [WARNING] Memory usage high.
2025-06-17 13:39:08 [ERROR] Connection lost.
2025-06-17 13:39:08 [ERROR] Update completed.
2025-06-17 13:39:08 [WARNING] Unknown error occurred.
2025-06-17 13:39:08 [INFO] Memory usage high.
2025-06-17 13:39:08 [WARNING] Permission denied.
2025-06-17 13:39:08 [ERROR] Disk write failed.
2025-06-17 13:39:08 [INFO] User login successful.
2025-06-17 13:39:08 [WARNING] Disk write failed.
2025-06-17 13:39:08 [ERROR] File not found.
2025-06-17 13:39:08 [ERROR] Update completed.
2025-06-17 13:39:08 [ERROR] Disk write failed.
2025-06-17 13:39:08 [ERROR] File not found.
2025-06-17 13:39:08 [WARNING] Connection lost.
2025-06-17 13:39:08 [INFO] Update completed.
2025-06-17 13:39:08 [ERROR] File not found.
2025-06-17 13:39:08 [ERROR] Reconnected to server.
2025-06-17 13:39:08 [ERROR] File not found.
2025-06-17 13:39:08 [ERROR] Connection lost.
2025-06-17 13:39:08 [WARNING] Unknown error occurred.
2025-06-17 13:39:08 [WARNING] File not found.
2025-06-17 13:39:08 [WARNING] Permission denied.
2025-06-17 13:39:08 [WARNING] User login successful.
2025-06-17 13:39:08 [WARNING] Disk write failed.
2025-06-17 13:39:08 [WARNING] Permission denied.
2025-06-17 13:39:08 [INFO] Disk write failed.
2025-06-17 13:39:08 [ERROR] Initialization complete.
2025-06-17 13:39:08 [ERROR] Reconnected to server.
2025-06-17 13:39:08 [WARNING] User login successful.
2025-06-17 13:39:08 [INFO] User login successful.
2025-06-17 13:39:08 [INFO] Disk write failed.
2025-06-17 13:39:08 [WARNING] Update completed.
2025-06-17 13:39:08 [INFO] Unknown error occurred.
2025-06-17 13:39:08 [WARNING] Unknown error occurred.
2025-06-17 13:39:08 [ERROR] Memory usage high.
2025-06-17 13:39:08 [INFO] User login successful.
2025-06-17 13:39:08 [ERROR] Permission denied.
2025-06-17 13:39:08 [ERROR] Permission denied.
2025-06-17 13:39:08 [INFO] Unknown error occurred.
2025-06-17 13:39:08 [WARNING] User login successful.
